
*** Running vivado
    with args -log sccomp.vds -m64 -product Vivado -mode batch -messageDb vivado.pb -notrace -source sccomp.tcl

'#' 不是内部或外部命令，也不是可运行的程序
或批处理文件。
'#' 不是内部或外部命令，也不是可运行的程序
或批处理文件。
'#' 不是内部或外部命令，也不是可运行的程序
或批处理文件。
'#' 不是内部或外部命令，也不是可运行的程序
或批处理文件。
'#' 不是内部或外部命令，也不是可运行的程序
或批处理文件。
'#' 不是内部或外部命令，也不是可运行的程序
或批处理文件。
'#' 不是内部或外部命令，也不是可运行的程序
或批处理文件。
'#' 不是内部或外部命令，也不是可运行的程序
或批处理文件。
'#' 不是内部或外部命令，也不是可运行的程序
或批处理文件。
'#' 不是内部或外部命令，也不是可运行的程序
或批处理文件。
'#' 不是内部或外部命令，也不是可运行的程序
或批处理文件。
'#' 不是内部或外部命令，也不是可运行的程序
或批处理文件。
'#' 不是内部或外部命令，也不是可运行的程序
或批处理文件。
'#' 不是内部或外部命令，也不是可运行的程序
或批处理文件。
'#' 不是内部或外部命令，也不是可运行的程序
或批处理文件。
'#' 不是内部或外部命令，也不是可运行的程序
或批处理文件。
'#' 不是内部或外部命令，也不是可运行的程序
或批处理文件。
'#' 不是内部或外部命令，也不是可运行的程序
或批处理文件。
'#' 不是内部或外部命令，也不是可运行的程序
或批处理文件。
'#' 不是内部或外部命令，也不是可运行的程序
或批处理文件。
'#' 不是内部或外部命令，也不是可运行的程序
或批处理文件。
'#' 不是内部或外部命令，也不是可运行的程序
或批处理文件。
'#' 不是内部或外部命令，也不是可运行的程序
或批处理文件。
'#' 不是内部或外部命令，也不是可运行的程序
或批处理文件。
'#)' 不是内部或外部命令，也不是可运行的程序
或批处理文件。

****** Vivado v2017.1 (64-bit)
  **** SW Build 1846317 on Fri Apr 14 18:55:03 MDT 2017
  **** IP Build 1846188 on Fri Apr 14 20:52:08 MDT 2017
    ** Copyright 1986-2017 Xilinx, Inc. All Rights Reserved.

source sccomp.tcl -notrace
Command: synth_design -top sccomp -part xc7a100tcsg324-1
Starting synth_design
Attempting to get a license for feature 'Synthesis' and/or device 'xc7a100t-csg324'
INFO: [Common 17-349] Got license for feature 'Synthesis' and/or device 'xc7a100t-csg324'
INFO: Launching helper process for spawning children vivado processes
INFO: Helper process launched with PID 9616 
WARNING: [Synth 8-1935] empty port in module declaration [C:/Users/Administrator/Desktop/test1/project_1/project_1.srcs/sources_1/imports/test/MEM.v:2]
---------------------------------------------------------------------------------
Starting RTL Elaboration : Time (s): cpu = 00:00:02 ; elapsed = 00:00:05 . Memory (MB): peak = 357.770 ; gain = 89.730
---------------------------------------------------------------------------------
INFO: [Synth 8-638] synthesizing module 'sccomp' [C:/Users/Administrator/Desktop/test1/project_1/project_1.srcs/sources_1/imports/test/sccomp.v:3]
INFO: [Synth 8-638] synthesizing module 'sccpu' [C:/Users/Administrator/Desktop/test1/project_1/project_1.srcs/sources_1/imports/test/sccpu.v:3]
INFO: [Synth 8-638] synthesizing module 'PC' [C:/Users/Administrator/Desktop/test1/project_1/project_1.srcs/sources_1/imports/test/PC.v:1]
INFO: [Synth 8-256] done synthesizing module 'PC' (1#1) [C:/Users/Administrator/Desktop/test1/project_1/project_1.srcs/sources_1/imports/test/PC.v:1]
INFO: [Synth 8-638] synthesizing module 'ID' [C:/Users/Administrator/Desktop/test1/project_1/project_1.srcs/sources_1/imports/test/ID.v:1]
WARNING: [Synth 8-5788] Register ID_PC_reg in module ID is has both Set and reset with same priority. This may cause simulation mismatches. Consider rewriting code  [C:/Users/Administrator/Desktop/test1/project_1/project_1.srcs/sources_1/imports/test/ID.v:14]
INFO: [Synth 8-256] done synthesizing module 'ID' (2#1) [C:/Users/Administrator/Desktop/test1/project_1/project_1.srcs/sources_1/imports/test/ID.v:1]
INFO: [Synth 8-638] synthesizing module 'ctrl' [C:/Users/Administrator/Desktop/test1/project_1/project_1.srcs/sources_1/imports/test/ctrl.v:3]
INFO: [Synth 8-256] done synthesizing module 'ctrl' (3#1) [C:/Users/Administrator/Desktop/test1/project_1/project_1.srcs/sources_1/imports/test/ctrl.v:3]
INFO: [Synth 8-638] synthesizing module 'mux4' [C:/Users/Administrator/Desktop/test1/project_1/project_1.srcs/sources_1/imports/test/mux.v:17]
	Parameter WIDTH bound to: 32 - type: integer 
INFO: [Synth 8-226] default block is never used [C:/Users/Administrator/Desktop/test1/project_1/project_1.srcs/sources_1/imports/test/mux.v:28]
INFO: [Synth 8-256] done synthesizing module 'mux4' (4#1) [C:/Users/Administrator/Desktop/test1/project_1/project_1.srcs/sources_1/imports/test/mux.v:17]
INFO: [Synth 8-638] synthesizing module 'EXT' [C:/Users/Administrator/Desktop/test1/project_1/project_1.srcs/sources_1/imports/test/EXT.v:1]
INFO: [Synth 8-256] done synthesizing module 'EXT' (5#1) [C:/Users/Administrator/Desktop/test1/project_1/project_1.srcs/sources_1/imports/test/EXT.v:1]
INFO: [Synth 8-638] synthesizing module 'mux2' [C:/Users/Administrator/Desktop/test1/project_1/project_1.srcs/sources_1/imports/test/mux.v:4]
	Parameter WIDTH bound to: 32 - type: integer 
INFO: [Synth 8-256] done synthesizing module 'mux2' (6#1) [C:/Users/Administrator/Desktop/test1/project_1/project_1.srcs/sources_1/imports/test/mux.v:4]
INFO: [Synth 8-638] synthesizing module 'RF' [C:/Users/Administrator/Desktop/test1/project_1/project_1.srcs/sources_1/imports/test/RF.v:2]
WARNING: [Synth 8-6014] Unused sequential element i was removed.  [C:/Users/Administrator/Desktop/test1/project_1/project_1.srcs/sources_1/imports/test/RF.v:16]
WARNING: [Synth 8-5788] Register rf_reg[0] in module RF is has both Set and reset with same priority. This may cause simulation mismatches. Consider rewriting code  [C:/Users/Administrator/Desktop/test1/project_1/project_1.srcs/sources_1/imports/test/RF.v:18]
INFO: [Synth 8-256] done synthesizing module 'RF' (7#1) [C:/Users/Administrator/Desktop/test1/project_1/project_1.srcs/sources_1/imports/test/RF.v:2]
INFO: [Synth 8-638] synthesizing module 'mux4__parameterized0' [C:/Users/Administrator/Desktop/test1/project_1/project_1.srcs/sources_1/imports/test/mux.v:17]
	Parameter WIDTH bound to: 5 - type: integer 
INFO: [Synth 8-226] default block is never used [C:/Users/Administrator/Desktop/test1/project_1/project_1.srcs/sources_1/imports/test/mux.v:28]
INFO: [Synth 8-256] done synthesizing module 'mux4__parameterized0' (7#1) [C:/Users/Administrator/Desktop/test1/project_1/project_1.srcs/sources_1/imports/test/mux.v:17]
INFO: [Synth 8-638] synthesizing module 'EXE' [C:/Users/Administrator/Desktop/test1/project_1/project_1.srcs/sources_1/imports/test/EXE.v:1]
INFO: [Synth 8-256] done synthesizing module 'EXE' (8#1) [C:/Users/Administrator/Desktop/test1/project_1/project_1.srcs/sources_1/imports/test/EXE.v:1]
INFO: [Synth 8-638] synthesizing module 'MEM' [C:/Users/Administrator/Desktop/test1/project_1/project_1.srcs/sources_1/imports/test/MEM.v:1]
WARNING: [Synth 8-308] ignoring empty port [C:/Users/Administrator/Desktop/test1/project_1/project_1.srcs/sources_1/imports/test/MEM.v:3]
INFO: [Synth 8-256] done synthesizing module 'MEM' (9#1) [C:/Users/Administrator/Desktop/test1/project_1/project_1.srcs/sources_1/imports/test/MEM.v:1]
INFO: [Synth 8-638] synthesizing module 'WB' [C:/Users/Administrator/Desktop/test1/project_1/project_1.srcs/sources_1/imports/test/WB.v:1]
INFO: [Synth 8-256] done synthesizing module 'WB' (10#1) [C:/Users/Administrator/Desktop/test1/project_1/project_1.srcs/sources_1/imports/test/WB.v:1]
INFO: [Synth 8-638] synthesizing module 'alu' [C:/Users/Administrator/Desktop/test1/project_1/project_1.srcs/sources_1/imports/test/alu.v:3]
INFO: [Synth 8-256] done synthesizing module 'alu' (11#1) [C:/Users/Administrator/Desktop/test1/project_1/project_1.srcs/sources_1/imports/test/alu.v:3]
INFO: [Synth 8-256] done synthesizing module 'sccpu' (12#1) [C:/Users/Administrator/Desktop/test1/project_1/project_1.srcs/sources_1/imports/test/sccpu.v:3]
INFO: [Synth 8-638] synthesizing module 'dm' [C:/Users/Administrator/Desktop/test1/project_1/project_1.srcs/sources_1/imports/test/dm.v:3]
INFO: [Synth 8-256] done synthesizing module 'dm' (13#1) [C:/Users/Administrator/Desktop/test1/project_1/project_1.srcs/sources_1/imports/test/dm.v:3]
INFO: [Synth 8-638] synthesizing module 'im' [C:/Users/Administrator/Desktop/test1/project_1/project_1.srcs/sources_1/imports/test/im.v:3]
INFO: [Synth 8-3876] $readmem data file 'C:\Users\Administrator\Desktop\studentnosorting.dat' is read successfully [C:/Users/Administrator/Desktop/test1/project_1/project_1.srcs/sources_1/imports/test/im.v:9]
INFO: [Synth 8-256] done synthesizing module 'im' (14#1) [C:/Users/Administrator/Desktop/test1/project_1/project_1.srcs/sources_1/imports/test/im.v:3]
INFO: [Synth 8-155] case statement is not full and has no default [C:/Users/Administrator/Desktop/test1/project_1/project_1.srcs/sources_1/imports/test/sccomp.v:69]
WARNING: [Synth 8-567] referenced signal 'reg_data' should be on the sensitivity list [C:/Users/Administrator/Desktop/test1/project_1/project_1.srcs/sources_1/imports/test/sccomp.v:67]
INFO: [Synth 8-256] done synthesizing module 'sccomp' (15#1) [C:/Users/Administrator/Desktop/test1/project_1/project_1.srcs/sources_1/imports/test/sccomp.v:3]
---------------------------------------------------------------------------------
Finished RTL Elaboration : Time (s): cpu = 00:00:03 ; elapsed = 00:00:06 . Memory (MB): peak = 387.574 ; gain = 119.535
---------------------------------------------------------------------------------

Report Check Netlist: 
+------+------------------+-------+---------+-------+------------------+
|      |Item              |Errors |Warnings |Status |Description       |
+------+------------------+-------+---------+-------+------------------+
|1     |multi_driven_nets |      0|        0|Passed |Multi driven nets |
+------+------------------+-------+---------+-------+------------------+
---------------------------------------------------------------------------------
Finished RTL Optimization Phase 1 : Time (s): cpu = 00:00:03 ; elapsed = 00:00:06 . Memory (MB): peak = 387.574 ; gain = 119.535
---------------------------------------------------------------------------------
'#' 不是内部或外部命令，也不是可运行的程序
或批处理文件。
'#' 不是内部或外部命令，也不是可运行的程序
或批处理文件。
'#' 不是内部或外部命令，也不是可运行的程序
或批处理文件。
'#' 不是内部或外部命令，也不是可运行的程序
或批处理文件。
'#' 不是内部或外部命令，也不是可运行的程序
或批处理文件。
'#' 不是内部或外部命令，也不是可运行的程序
或批处理文件。
'#' 不是内部或外部命令，也不是可运行的程序
或批处理文件。
'#' 不是内部或外部命令，也不是可运行的程序
或批处理文件。
'#' 不是内部或外部命令，也不是可运行的程序
或批处理文件。
'#' 不是内部或外部命令，也不是可运行的程序
或批处理文件。
'#' 不是内部或外部命令，也不是可运行的程序
或批处理文件。
'#' 不是内部或外部命令，也不是可运行的程序
或批处理文件。
'#' 不是内部或外部命令，也不是可运行的程序
或批处理文件。
'#' 不是内部或外部命令，也不是可运行的程序
或批处理文件。
'#' 不是内部或外部命令，也不是可运行的程序
或批处理文件。
'#' 不是内部或外部命令，也不是可运行的程序
或批处理文件。
'#' 不是内部或外部命令，也不是可运行的程序
或批处理文件。
'#' 不是内部或外部命令，也不是可运行的程序
或批处理文件。
'#' 不是内部或外部命令，也不是可运行的程序
或批处理文件。
'#' 不是内部或外部命令，也不是可运行的程序
或批处理文件。
'#' 不是内部或外部命令，也不是可运行的程序
或批处理文件。
'#' 不是内部或外部命令，也不是可运行的程序
或批处理文件。
'#' 不是内部或外部命令，也不是可运行的程序
或批处理文件。
'#' 不是内部或外部命令，也不是可运行的程序
或批处理文件。
'#)' 不是内部或外部命令，也不是可运行的程序
或批处理文件。
INFO: [Device 21-403] Loading part xc7a100tcsg324-1
INFO: [Project 1-570] Preparing netlist for logic optimization

Processing XDC Constraints
Initializing timing engine
Parsing XDC File [C:/Users/Administrator/Desktop/test1/project_1/project_1.srcs/constrs_1/new/XDC.xdc]
Finished Parsing XDC File [C:/Users/Administrator/Desktop/test1/project_1/project_1.srcs/constrs_1/new/XDC.xdc]
INFO: [Project 1-236] Implementation specific constraints were found while reading constraint file [C:/Users/Administrator/Desktop/test1/project_1/project_1.srcs/constrs_1/new/XDC.xdc]. These constraints will be ignored for synthesis but will be used in implementation. Impacted constraints are listed in the file [.Xil/sccomp_propImpl.xdc].
Resolution: To avoid this warning, move constraints listed in [.Xil/sccomp_propImpl.xdc] to another XDC file and exclude this new file from synthesis with the used_in_synthesis property (File Properties dialog in GUI) and re-run elaboration/synthesis.
Completed Processing XDC Constraints

INFO: [Project 1-111] Unisim Transformation Summary:
No Unisim elements were transformed.

Constraint Validation Runtime : Time (s): cpu = 00:00:00 ; elapsed = 00:00:00.003 . Memory (MB): peak = 781.547 ; gain = 0.000
---------------------------------------------------------------------------------
Finished Constraint Validation : Time (s): cpu = 00:00:12 ; elapsed = 00:00:15 . Memory (MB): peak = 781.547 ; gain = 513.508
---------------------------------------------------------------------------------
---------------------------------------------------------------------------------
Start Loading Part and Timing Information
---------------------------------------------------------------------------------
Loading part: xc7a100tcsg324-1
---------------------------------------------------------------------------------
Finished Loading Part and Timing Information : Time (s): cpu = 00:00:12 ; elapsed = 00:00:15 . Memory (MB): peak = 781.547 ; gain = 513.508
---------------------------------------------------------------------------------
---------------------------------------------------------------------------------
Start Applying 'set_property' XDC Constraints
---------------------------------------------------------------------------------
---------------------------------------------------------------------------------
Finished applying 'set_property' XDC Constraints : Time (s): cpu = 00:00:12 ; elapsed = 00:00:15 . Memory (MB): peak = 781.547 ; gain = 513.508
---------------------------------------------------------------------------------
INFO: [Synth 8-5546] ROM "rf_reg[31]" won't be mapped to RAM because it is too sparse
INFO: [Synth 8-5546] ROM "rf_reg[30]" won't be mapped to RAM because it is too sparse
INFO: [Synth 8-5546] ROM "rf_reg[29]" won't be mapped to RAM because it is too sparse
INFO: [Synth 8-5546] ROM "rf_reg[28]" won't be mapped to RAM because it is too sparse
INFO: [Synth 8-5546] ROM "rf_reg[27]" won't be mapped to RAM because it is too sparse
INFO: [Synth 8-5546] ROM "rf_reg[26]" won't be mapped to RAM because it is too sparse
INFO: [Synth 8-5546] ROM "rf_reg[25]" won't be mapped to RAM because it is too sparse
INFO: [Synth 8-5546] ROM "rf_reg[24]" won't be mapped to RAM because it is too sparse
INFO: [Synth 8-5546] ROM "rf_reg[23]" won't be mapped to RAM because it is too sparse
INFO: [Synth 8-5546] ROM "rf_reg[22]" won't be mapped to RAM because it is too sparse
INFO: [Synth 8-5546] ROM "rf_reg[21]" won't be mapped to RAM because it is too sparse
INFO: [Synth 8-5546] ROM "rf_reg[20]" won't be mapped to RAM because it is too sparse
INFO: [Synth 8-5546] ROM "rf_reg[19]" won't be mapped to RAM because it is too sparse
INFO: [Synth 8-5546] ROM "rf_reg[18]" won't be mapped to RAM because it is too sparse
INFO: [Synth 8-5546] ROM "rf_reg[17]" won't be mapped to RAM because it is too sparse
INFO: [Synth 8-5546] ROM "rf_reg[16]" won't be mapped to RAM because it is too sparse
INFO: [Synth 8-5546] ROM "rf_reg[15]" won't be mapped to RAM because it is too sparse
INFO: [Synth 8-5546] ROM "rf_reg[14]" won't be mapped to RAM because it is too sparse
INFO: [Synth 8-5546] ROM "rf_reg[13]" won't be mapped to RAM because it is too sparse
INFO: [Synth 8-5546] ROM "rf_reg[12]" won't be mapped to RAM because it is too sparse
INFO: [Synth 8-5546] ROM "rf_reg[11]" won't be mapped to RAM because it is too sparse
INFO: [Synth 8-5546] ROM "rf_reg[10]" won't be mapped to RAM because it is too sparse
INFO: [Synth 8-5546] ROM "rf_reg[9]" won't be mapped to RAM because it is too sparse
INFO: [Synth 8-5546] ROM "rf_reg[8]" won't be mapped to RAM because it is too sparse
INFO: [Synth 8-5546] ROM "rf_reg[7]" won't be mapped to RAM because it is too sparse
INFO: [Synth 8-5546] ROM "rf_reg[6]" won't be mapped to RAM because it is too sparse
INFO: [Synth 8-5546] ROM "rf_reg[5]" won't be mapped to RAM because it is too sparse
INFO: [Synth 8-5546] ROM "rf_reg[4]" won't be mapped to RAM because it is too sparse
INFO: [Synth 8-5546] ROM "rf_reg[3]" won't be mapped to RAM because it is too sparse
INFO: [Synth 8-5546] ROM "rf_reg[2]" won't be mapped to RAM because it is too sparse
INFO: [Synth 8-5546] ROM "rf_reg[1]" won't be mapped to RAM because it is too sparse
INFO: [Synth 8-5546] ROM "rf_reg[0]" won't be mapped to RAM because it is too sparse
INFO: [Synth 8-5546] ROM "ROM" won't be mapped to RAM because it is too sparse
INFO: [Synth 8-5546] ROM "k" won't be mapped to RAM because it is too sparse
WARNING: [Synth 8-6014] Unused sequential element counter_reg was removed.  [C:/Users/Administrator/Desktop/test1/project_1/project_1.srcs/sources_1/imports/test/sccomp.v:53]
WARNING: [Synth 8-327] inferring latch for variable 'k_reg' [C:/Users/Administrator/Desktop/test1/project_1/project_1.srcs/sources_1/imports/test/sccomp.v:70]
---------------------------------------------------------------------------------
Finished RTL Optimization Phase 2 : Time (s): cpu = 00:00:12 ; elapsed = 00:00:15 . Memory (MB): peak = 781.547 ; gain = 513.508
---------------------------------------------------------------------------------

Report RTL Partitions: 
+-+--------------+------------+----------+
| |RTL Partition |Replication |Instances |
+-+--------------+------------+----------+
+-+--------------+------------+----------+
---------------------------------------------------------------------------------
Start RTL Component Statistics 
---------------------------------------------------------------------------------
Detailed RTL Component Info : 
+---Adders : 
	   2 Input     32 Bit       Adders := 5     
	   3 Input     32 Bit       Adders := 1     
+---Registers : 
	               32 Bit    Registers := 11    
	                5 Bit    Registers := 3     
	                4 Bit    Registers := 1     
	                1 Bit    Registers := 11    
+---Muxes : 
	   4 Input     32 Bit        Muxes := 3     
	   2 Input     32 Bit        Muxes := 8     
	  53 Input     32 Bit        Muxes := 1     
	   9 Input     32 Bit        Muxes := 1     
	   8 Input      8 Bit        Muxes := 1     
	   4 Input      5 Bit        Muxes := 1     
	   2 Input      2 Bit        Muxes := 4     
	   2 Input      1 Bit        Muxes := 32    
	   9 Input      1 Bit        Muxes := 1     
---------------------------------------------------------------------------------
Finished RTL Component Statistics 
---------------------------------------------------------------------------------
---------------------------------------------------------------------------------
Start RTL Hierarchical Component Statistics 
---------------------------------------------------------------------------------
Hierarchical RTL Component report 
Module sccomp 
Detailed RTL Component Info : 
+---Muxes : 
	   9 Input     32 Bit        Muxes := 1     
	   8 Input      8 Bit        Muxes := 1     
	   9 Input      1 Bit        Muxes := 1     
Module PC 
Detailed RTL Component Info : 
+---Registers : 
	               32 Bit    Registers := 1     
Module ID 
Detailed RTL Component Info : 
+---Adders : 
	   2 Input     32 Bit       Adders := 1     
+---Registers : 
	               32 Bit    Registers := 2     
Module ctrl 
Detailed RTL Component Info : 
+---Muxes : 
	   2 Input      2 Bit        Muxes := 4     
Module mux4 
Detailed RTL Component Info : 
+---Muxes : 
	   4 Input     32 Bit        Muxes := 1     
Module EXT 
Detailed RTL Component Info : 
+---Muxes : 
	   2 Input     32 Bit        Muxes := 1     
Module mux2 
Detailed RTL Component Info : 
+---Muxes : 
	   2 Input     32 Bit        Muxes := 1     
Module RF 
Detailed RTL Component Info : 
+---Muxes : 
	   2 Input     32 Bit        Muxes := 3     
	   2 Input      1 Bit        Muxes := 32    
Module mux4__parameterized0 
Detailed RTL Component Info : 
+---Muxes : 
	   4 Input      5 Bit        Muxes := 1     
Module EXE 
Detailed RTL Component Info : 
+---Adders : 
	   2 Input     32 Bit       Adders := 1     
+---Registers : 
	               32 Bit    Registers := 4     
	                5 Bit    Registers := 1     
	                4 Bit    Registers := 1     
	                1 Bit    Registers := 6     
Module MEM 
Detailed RTL Component Info : 
+---Registers : 
	               32 Bit    Registers := 2     
	                5 Bit    Registers := 1     
	                1 Bit    Registers := 3     
Module WB 
Detailed RTL Component Info : 
+---Registers : 
	               32 Bit    Registers := 2     
	                5 Bit    Registers := 1     
	                1 Bit    Registers := 2     
Module alu 
Detailed RTL Component Info : 
+---Adders : 
	   2 Input     32 Bit       Adders := 1     
	   3 Input     32 Bit       Adders := 1     
Module sccpu 
Detailed RTL Component Info : 
+---Adders : 
	   2 Input     32 Bit       Adders := 2     
Module im 
Detailed RTL Component Info : 
+---Muxes : 
	  53 Input     32 Bit        Muxes := 1     
---------------------------------------------------------------------------------
Finished RTL Hierarchical Component Statistics
---------------------------------------------------------------------------------
---------------------------------------------------------------------------------
Start Part Resource Summary
---------------------------------------------------------------------------------
Part Resources:
DSPs: 240 (col length:80)
BRAMs: 270 (col length: RAMB18 80 RAMB36 40)
---------------------------------------------------------------------------------
Finished Part Resource Summary
---------------------------------------------------------------------------------
---------------------------------------------------------------------------------
Start Cross Boundary and Area Optimization
---------------------------------------------------------------------------------
INFO: [Synth 8-5546] ROM "k" won't be mapped to RAM because it is too sparse
WARNING: [Synth 8-6014] Unused sequential element counter_reg was removed.  [C:/Users/Administrator/Desktop/test1/project_1/project_1.srcs/sources_1/imports/test/sccomp.v:53]
INFO: [Synth 8-3886] merging instance 'U_SCCPU/U_ID/ID_INS_reg[9]' (FDCE) to 'U_SCCPU/U_ID/ID_INS_reg[15]'
INFO: [Synth 8-3886] merging instance 'U_SCCPU/U_EXE/EXE_IMM32_reg[9]' (FDC) to 'U_SCCPU/U_EXE/EXE_IMM32_reg[15]'
INFO: [Synth 8-3886] merging instance 'U_SCCPU/U_EXE/EXE_IMM32_reg[16]' (FDC) to 'U_SCCPU/U_EXE/EXE_IMM32_reg[17]'
INFO: [Synth 8-3886] merging instance 'U_SCCPU/U_EXE/EXE_IMM32_reg[17]' (FDC) to 'U_SCCPU/U_EXE/EXE_IMM32_reg[18]'
INFO: [Synth 8-3886] merging instance 'U_SCCPU/U_EXE/EXE_IMM32_reg[18]' (FDC) to 'U_SCCPU/U_EXE/EXE_IMM32_reg[19]'
INFO: [Synth 8-3886] merging instance 'U_SCCPU/U_EXE/EXE_IMM32_reg[19]' (FDC) to 'U_SCCPU/U_EXE/EXE_IMM32_reg[20]'
INFO: [Synth 8-3886] merging instance 'U_SCCPU/U_EXE/EXE_IMM32_reg[20]' (FDC) to 'U_SCCPU/U_EXE/EXE_IMM32_reg[21]'
INFO: [Synth 8-3886] merging instance 'U_SCCPU/U_EXE/EXE_IMM32_reg[21]' (FDC) to 'U_SCCPU/U_EXE/EXE_IMM32_reg[22]'
INFO: [Synth 8-3886] merging instance 'U_SCCPU/U_EXE/EXE_IMM32_reg[22]' (FDC) to 'U_SCCPU/U_EXE/EXE_IMM32_reg[23]'
INFO: [Synth 8-3886] merging instance 'U_SCCPU/U_EXE/EXE_IMM32_reg[23]' (FDC) to 'U_SCCPU/U_EXE/EXE_IMM32_reg[24]'
INFO: [Synth 8-3886] merging instance 'U_SCCPU/U_EXE/EXE_IMM32_reg[24]' (FDC) to 'U_SCCPU/U_EXE/EXE_IMM32_reg[25]'
INFO: [Synth 8-3886] merging instance 'U_SCCPU/U_EXE/EXE_IMM32_reg[25]' (FDC) to 'U_SCCPU/U_EXE/EXE_IMM32_reg[26]'
INFO: [Synth 8-3886] merging instance 'U_SCCPU/U_EXE/EXE_IMM32_reg[26]' (FDC) to 'U_SCCPU/U_EXE/EXE_IMM32_reg[27]'
INFO: [Synth 8-3886] merging instance 'U_SCCPU/U_EXE/EXE_IMM32_reg[27]' (FDC) to 'U_SCCPU/U_EXE/EXE_IMM32_reg[28]'
INFO: [Synth 8-3886] merging instance 'U_SCCPU/U_EXE/EXE_IMM32_reg[28]' (FDC) to 'U_SCCPU/U_EXE/EXE_IMM32_reg[29]'
INFO: [Synth 8-3886] merging instance 'U_SCCPU/U_EXE/EXE_IMM32_reg[29]' (FDC) to 'U_SCCPU/U_EXE/EXE_IMM32_reg[30]'
INFO: [Synth 8-3886] merging instance 'U_SCCPU/U_EXE/EXE_IMM32_reg[30]' (FDC) to 'U_SCCPU/U_EXE/EXE_IMM32_reg[31]'
INFO: [Synth 8-3886] merging instance 'U_SCCPU/U_ID/ID_INS_reg[20]' (FDCE) to 'U_SCCPU/U_ID/ID_INS_reg[30]'
INFO: [Synth 8-3333] propagating constant 0 across sequential element (U_SCCPU/\U_ID/ID_INS_reg[30] )
WARNING: [Synth 8-3332] Sequential element (U_ID/ID_INS_reg[30]) is unused and will be removed from module sccpu.
WARNING: [Synth 8-3332] Sequential element (k_reg[31]) is unused and will be removed from module sccomp.
WARNING: [Synth 8-3332] Sequential element (k_reg[30]) is unused and will be removed from module sccomp.
WARNING: [Synth 8-3332] Sequential element (k_reg[29]) is unused and will be removed from module sccomp.
WARNING: [Synth 8-3332] Sequential element (k_reg[28]) is unused and will be removed from module sccomp.
WARNING: [Synth 8-3332] Sequential element (k_reg[27]) is unused and will be removed from module sccomp.
WARNING: [Synth 8-3332] Sequential element (k_reg[26]) is unused and will be removed from module sccomp.
WARNING: [Synth 8-3332] Sequential element (k_reg[25]) is unused and will be removed from module sccomp.
WARNING: [Synth 8-3332] Sequential element (k_reg[24]) is unused and will be removed from module sccomp.
WARNING: [Synth 8-3332] Sequential element (k_reg[23]) is unused and will be removed from module sccomp.
WARNING: [Synth 8-3332] Sequential element (k_reg[22]) is unused and will be removed from module sccomp.
WARNING: [Synth 8-3332] Sequential element (k_reg[21]) is unused and will be removed from module sccomp.
WARNING: [Synth 8-3332] Sequential element (k_reg[20]) is unused and will be removed from module sccomp.
WARNING: [Synth 8-3332] Sequential element (k_reg[19]) is unused and will be removed from module sccomp.
WARNING: [Synth 8-3332] Sequential element (k_reg[18]) is unused and will be removed from module sccomp.
WARNING: [Synth 8-3332] Sequential element (k_reg[17]) is unused and will be removed from module sccomp.
WARNING: [Synth 8-3332] Sequential element (k_reg[16]) is unused and will be removed from module sccomp.
WARNING: [Synth 8-3332] Sequential element (k_reg[15]) is unused and will be removed from module sccomp.
WARNING: [Synth 8-3332] Sequential element (k_reg[14]) is unused and will be removed from module sccomp.
WARNING: [Synth 8-3332] Sequential element (k_reg[13]) is unused and will be removed from module sccomp.
WARNING: [Synth 8-3332] Sequential element (k_reg[12]) is unused and will be removed from module sccomp.
WARNING: [Synth 8-3332] Sequential element (k_reg[11]) is unused and will be removed from module sccomp.
WARNING: [Synth 8-3332] Sequential element (k_reg[10]) is unused and will be removed from module sccomp.
WARNING: [Synth 8-3332] Sequential element (k_reg[9]) is unused and will be removed from module sccomp.
WARNING: [Synth 8-3332] Sequential element (k_reg[8]) is unused and will be removed from module sccomp.
WARNING: [Synth 8-3332] Sequential element (k_reg[7]) is unused and will be removed from module sccomp.
WARNING: [Synth 8-3332] Sequential element (k_reg[6]) is unused and will be removed from module sccomp.
WARNING: [Synth 8-3332] Sequential element (k_reg[5]) is unused and will be removed from module sccomp.
WARNING: [Synth 8-3332] Sequential element (k_reg[4]) is unused and will be removed from module sccomp.
WARNING: [Synth 8-3332] Sequential element (k_reg[3]) is unused and will be removed from module sccomp.
WARNING: [Synth 8-3332] Sequential element (counter_reg[21]) is unused and will be removed from module sccomp.
WARNING: [Synth 8-3332] Sequential element (counter_reg[22]) is unused and will be removed from module sccomp.
WARNING: [Synth 8-3332] Sequential element (counter_reg[23]) is unused and will be removed from module sccomp.
WARNING: [Synth 8-3332] Sequential element (counter_reg[24]) is unused and will be removed from module sccomp.
WARNING: [Synth 8-3332] Sequential element (counter_reg[25]) is unused and will be removed from module sccomp.
WARNING: [Synth 8-3332] Sequential element (counter_reg[26]) is unused and will be removed from module sccomp.
WARNING: [Synth 8-3332] Sequential element (counter_reg[27]) is unused and will be removed from module sccomp.
WARNING: [Synth 8-3332] Sequential element (counter_reg[28]) is unused and will be removed from module sccomp.
WARNING: [Synth 8-3332] Sequential element (counter_reg[29]) is unused and will be removed from module sccomp.
WARNING: [Synth 8-3332] Sequential element (counter_reg[30]) is unused and will be removed from module sccomp.
WARNING: [Synth 8-3332] Sequential element (counter_reg[31]) is unused and will be removed from module sccomp.
WARNING: [Synth 8-3332] Sequential element (counter_reg[32]) is unused and will be removed from module sccomp.
WARNING: [Synth 8-3332] Sequential element (counter_reg[33]) is unused and will be removed from module sccomp.
WARNING: [Synth 8-3332] Sequential element (counter_reg[34]) is unused and will be removed from module sccomp.
WARNING: [Synth 8-3332] Sequential element (counter_reg[35]) is unused and will be removed from module sccomp.
WARNING: [Synth 8-3332] Sequential element (counter_reg[36]) is unused and will be removed from module sccomp.
---------------------------------------------------------------------------------
Finished Cross Boundary and Area Optimization : Time (s): cpu = 00:00:19 ; elapsed = 00:00:22 . Memory (MB): peak = 781.547 ; gain = 513.508
---------------------------------------------------------------------------------
---------------------------------------------------------------------------------
Start ROM, RAM, DSP and Shift Register Reporting
---------------------------------------------------------------------------------

Distributed RAM: Preliminary Mapping  Report (see note below)
+------------+---------------+-----------+----------------------+------------------+
|Module Name | RTL Object    | Inference | Size (Depth x Width) | Primitives       | 
+------------+---------------+-----------+----------------------+------------------+
|sccomp      | U_DM/dmem_reg | Implied   | 128 x 32             | RAM128X1S x 32   | 
+------------+---------------+-----------+----------------------+------------------+

Note: The table above is a preliminary report that shows the Distributed RAMs at the current stage of the synthesis flow. Some Distributed RAMs may be reimplemented as non Distributed RAM primitives later in the synthesis flow. Multiple instantiated RAMs are reported only once.
---------------------------------------------------------------------------------
Finished ROM, RAM, DSP and Shift Register Reporting
---------------------------------------------------------------------------------

Report RTL Partitions: 
+-+--------------+------------+----------+
| |RTL Partition |Replication |Instances |
+-+--------------+------------+----------+
+-+--------------+------------+----------+
---------------------------------------------------------------------------------
Start Applying XDC Timing Constraints
---------------------------------------------------------------------------------
---------------------------------------------------------------------------------
Finished Applying XDC Timing Constraints : Time (s): cpu = 00:00:28 ; elapsed = 00:00:31 . Memory (MB): peak = 781.547 ; gain = 513.508
---------------------------------------------------------------------------------
---------------------------------------------------------------------------------
Start Timing Optimization
---------------------------------------------------------------------------------
---------------------------------------------------------------------------------
Finished Timing Optimization : Time (s): cpu = 00:00:29 ; elapsed = 00:00:32 . Memory (MB): peak = 781.547 ; gain = 513.508
---------------------------------------------------------------------------------

Report RTL Partitions: 
+-+--------------+------------+----------+
| |RTL Partition |Replication |Instances |
+-+--------------+------------+----------+
+-+--------------+------------+----------+
---------------------------------------------------------------------------------
Start Technology Mapping
---------------------------------------------------------------------------------
WARNING: [Synth 8-3332] Sequential element (k_reg[2]) is unused and will be removed from module sccomp.
WARNING: [Synth 8-3332] Sequential element (k_reg[1]) is unused and will be removed from module sccomp.
WARNING: [Synth 8-3332] Sequential element (k_reg[0]) is unused and will be removed from module sccomp.
---------------------------------------------------------------------------------
Finished Technology Mapping : Time (s): cpu = 00:00:30 ; elapsed = 00:00:33 . Memory (MB): peak = 802.512 ; gain = 534.473
---------------------------------------------------------------------------------

Report RTL Partitions: 
+-+--------------+------------+----------+
| |RTL Partition |Replication |Instances |
+-+--------------+------------+----------+
+-+--------------+------------+----------+
---------------------------------------------------------------------------------
Start IO Insertion
---------------------------------------------------------------------------------
---------------------------------------------------------------------------------
Start Flattening Before IO Insertion
---------------------------------------------------------------------------------
---------------------------------------------------------------------------------
Finished Flattening Before IO Insertion
---------------------------------------------------------------------------------
---------------------------------------------------------------------------------
Start Final Netlist Cleanup
---------------------------------------------------------------------------------
---------------------------------------------------------------------------------
Finished Final Netlist Cleanup
---------------------------------------------------------------------------------
---------------------------------------------------------------------------------
Finished IO Insertion : Time (s): cpu = 00:00:31 ; elapsed = 00:00:34 . Memory (MB): peak = 802.512 ; gain = 534.473
---------------------------------------------------------------------------------

Report Check Netlist: 
+------+------------------+-------+---------+-------+------------------+
|      |Item              |Errors |Warnings |Status |Description       |
+------+------------------+-------+---------+-------+------------------+
|1     |multi_driven_nets |      0|        0|Passed |Multi driven nets |
+------+------------------+-------+---------+-------+------------------+
---------------------------------------------------------------------------------
Start Renaming Generated Instances
---------------------------------------------------------------------------------
---------------------------------------------------------------------------------
Finished Renaming Generated Instances : Time (s): cpu = 00:00:31 ; elapsed = 00:00:34 . Memory (MB): peak = 802.512 ; gain = 534.473
---------------------------------------------------------------------------------

Report RTL Partitions: 
+-+--------------+------------+----------+
| |RTL Partition |Replication |Instances |
+-+--------------+------------+----------+
+-+--------------+------------+----------+
---------------------------------------------------------------------------------
Start Rebuilding User Hierarchy
---------------------------------------------------------------------------------
---------------------------------------------------------------------------------
Finished Rebuilding User Hierarchy : Time (s): cpu = 00:00:31 ; elapsed = 00:00:34 . Memory (MB): peak = 802.512 ; gain = 534.473
---------------------------------------------------------------------------------
---------------------------------------------------------------------------------
Start Renaming Generated Ports
---------------------------------------------------------------------------------
---------------------------------------------------------------------------------
Finished Renaming Generated Ports : Time (s): cpu = 00:00:31 ; elapsed = 00:00:34 . Memory (MB): peak = 802.512 ; gain = 534.473
---------------------------------------------------------------------------------
---------------------------------------------------------------------------------
Start Handling Custom Attributes
---------------------------------------------------------------------------------
---------------------------------------------------------------------------------
Finished Handling Custom Attributes : Time (s): cpu = 00:00:31 ; elapsed = 00:00:34 . Memory (MB): peak = 802.512 ; gain = 534.473
---------------------------------------------------------------------------------
---------------------------------------------------------------------------------
Start Renaming Generated Nets
---------------------------------------------------------------------------------
---------------------------------------------------------------------------------
Finished Renaming Generated Nets : Time (s): cpu = 00:00:31 ; elapsed = 00:00:34 . Memory (MB): peak = 802.512 ; gain = 534.473
---------------------------------------------------------------------------------
---------------------------------------------------------------------------------
Start Writing Synthesis Report
---------------------------------------------------------------------------------

Report BlackBoxes: 
+-+--------------+----------+
| |BlackBox name |Instances |
+-+--------------+----------+
+-+--------------+----------+

Report Cell Usage: 
+------+----------+------+
|      |Cell      |Count |
+------+----------+------+
|1     |BUFG      |     1|
|2     |CARRY4    |    57|
|3     |LUT1      |   110|
|4     |LUT2      |    56|
|5     |LUT3      |   170|
|6     |LUT4      |    83|
|7     |LUT5      |   266|
|8     |LUT6      |  1340|
|9     |MUXF7     |   342|
|10    |MUXF8     |    65|
|11    |RAM128X1S |    32|
|12    |FDCE      |  1325|
|13    |FDRE      |    85|
|14    |IBUF      |     7|
|15    |OBUF      |    16|
+------+----------+------+

Report Instance Areas: 
+------+--------------------+---------------------+------+
|      |Instance            |Module               |Cells |
+------+--------------------+---------------------+------+
|1     |top                 |                     |  3955|
|2     |  U_DM              |dm                   |    32|
|3     |  U_SCCPU           |sccpu                |  3842|
|4     |    U_EXE           |EXE                  |   802|
|5     |    U_ID            |ID                   |   263|
|6     |    U_MEM           |MEM                  |    76|
|7     |    U_MUX2_ALUA     |mux2                 |    94|
|8     |    U_MUX2_ALUB     |mux2_0               |    32|
|9     |    U_MUX2_ALUC     |mux2_1               |    94|
|10    |    U_MUX2_WRITEREG |mux2_2               |    32|
|11    |    U_MUX4_FOEWARDA |mux4                 |    66|
|12    |    U_MUX4_FOEWARDB |mux4_3               |    66|
|13    |    U_MUX4_NPC      |mux4_4               |    33|
|14    |    U_MUX4_RT_RD    |mux4__parameterized0 |     5|
|15    |    U_PC            |PC                   |    91|
|16    |    U_RF            |RF                   |  2069|
|17    |    U_WB            |WB                   |   105|
+------+--------------------+---------------------+------+
---------------------------------------------------------------------------------
Finished Writing Synthesis Report : Time (s): cpu = 00:00:31 ; elapsed = 00:00:34 . Memory (MB): peak = 802.512 ; gain = 534.473
---------------------------------------------------------------------------------
Synthesis finished with 0 errors, 0 critical warnings and 52 warnings.
Synthesis Optimization Runtime : Time (s): cpu = 00:00:22 ; elapsed = 00:00:28 . Memory (MB): peak = 802.512 ; gain = 140.500
Synthesis Optimization Complete : Time (s): cpu = 00:00:31 ; elapsed = 00:00:34 . Memory (MB): peak = 802.512 ; gain = 534.473
INFO: [Project 1-571] Translating synthesized netlist
INFO: [Netlist 29-17] Analyzing 96 Unisim elements for replacement
INFO: [Netlist 29-28] Unisim Transformation completed in 0 CPU seconds
INFO: [Project 1-570] Preparing netlist for logic optimization
INFO: [Opt 31-138] Pushed 0 inverter(s) to 0 load pin(s).
INFO: [Project 1-111] Unisim Transformation Summary:
  A total of 32 instances were transformed.
  RAM128X1S => RAM128X1S (MUXF7, RAMS64E, RAMS64E): 32 instances

101 Infos, 58 Warnings, 0 Critical Warnings and 0 Errors encountered.
synth_design completed successfully
synth_design: Time (s): cpu = 00:00:34 ; elapsed = 00:00:39 . Memory (MB): peak = 802.512 ; gain = 540.211
INFO: [Common 17-1381] The checkpoint 'C:/Users/Administrator/Desktop/test1/project_1/project_1.runs/synth_1/sccomp.dcp' has been generated.
report_utilization: Time (s): cpu = 00:00:00 ; elapsed = 00:00:00.034 . Memory (MB): peak = 802.512 ; gain = 0.000
INFO: [Common 17-206] Exiting Vivado at Thu May  6 16:55:59 2021...
